# JRE version: OpenJDK Runtime Environment AdoptOpenJDK-11.0.11+9 (11.0.11+9) (build 11.0.11+9)
# Java VM: OpenJDK 64-Bit Server VM AdoptOpenJDK-11.0.11+9 (11.0.11+9, mixed mode, tiered, compressed oops, g1 gc, windows-amd64)
Heap:
 garbage-first heap   total 59392K, used 14661K [0x00000000c6400000, 0x0000000100000000)
  region size 1024K, 8 young (8192K), 1 survivors (1024K)
 Metaspace       used 20794K, capacity 21264K, committed 21504K, reserved 1069056K
  class space    used 2250K, capacity 2498K, committed 2560K, reserved 1048576K
GC Heap History (6 events):
Event: 1.644 GC heap before
{Heap before GC invocations=0 (full 0):
 garbage-first heap   total 59392K, used 19456K [0x00000000c6400000, 0x0000000100000000)
  region size 1024K, 14 young (14336K), 0 survivors (0K)
 Metaspace       used 19958K, capacity 20461K, committed 20736K, reserved 1067008K
  class space    used 2219K, capacity 2465K, committed 2560K, reserved 1048576K
}
Event: 1.654 GC heap after
{Heap after GC invocations=1 (full 0):
 garbage-first heap   total 59392K, used 9116K [0x00000000c6400000, 0x0000000100000000)
  region size 1024K, 2 young (2048K), 2 survivors (2048K)
 Metaspace       used 19958K, capacity 20461K, committed 20736K, reserved 1067008K
  class space    used 2219K, capacity 2465K, committed 2560K, reserved 1048576K
}
Event: 4.511 GC heap before
{Heap before GC invocations=1 (full 0):
 garbage-first heap   total 59392K, used 15260K [0x00000000c6400000, 0x0000000100000000)
  region size 1024K, 4 young (4096K), 2 survivors (2048K)
 Metaspace       used 20563K, capacity 21072K, committed 21248K, reserved 1069056K
  class space    used 2250K, capacity 2498K, committed 2560K, reserved 1048576K
}
Event: 4.520 GC heap after
{Heap after GC invocations=2 (full 0):
 garbage-first heap   total 59392K, used 13814K [0x00000000c6400000, 0x0000000100000000)
  region size 1024K, 1 young (1024K), 1 survivors (1024K)
 Metaspace       used 20563K, capacity 21072K, committed 21248K, reserved 1069056K
  class space    used 2250K, capacity 2498K, committed 2560K, reserved 1048576K
}
Event: 4.586 GC heap before
{Heap before GC invocations=2 (full 0):
 garbage-first heap   total 59392K, used 14838K [0x00000000c6400000, 0x0000000100000000)
  region size 1024K, 3 young (3072K), 1 survivors (1024K)
 Metaspace       used 20686K, capacity 21136K, committed 21248K, reserved 1069056K
  class space    used 2250K, capacity 2498K, committed 2560K, reserved 1048576K
}
Event: 4.587 GC heap after
{Heap after GC invocations=3 (full 0):
 garbage-first heap   total 59392K, used 13637K [0x00000000c6400000, 0x0000000100000000)
  region size 1024K, 1 young (1024K), 1 survivors (1024K)
 Metaspace       used 20686K, capacity 21136K, committed 21248K, reserved 1069056K
  class space    used 2250K, capacity 2498K, committed 2560K, reserved 1048576K
}

