# JRE version: OpenJDK Runtime Environment AdoptOpenJDK-11.0.11+9 (11.0.11+9) (build 11.0.11+9)
# Java VM: OpenJDK 64-Bit Server VM AdoptOpenJDK-11.0.11+9 (11.0.11+9, mixed mode, tiered, compressed oops, g1 gc, windows-amd64)
Heap:
 garbage-first heap   total 71680K, used 50867K [0x00000000c6400000, 0x0000000100000000)
  region size 1024K, 22 young (22528K), 1 survivors (1024K)
 Metaspace       used 21415K, capacity 21962K, committed 22272K, reserved 1069056K
  class space    used 2226K, capacity 2474K, committed 2560K, reserved 1048576K
GC Heap History (20 events):
Event: 10.222 GC heap before
{Heap before GC invocations=22 (full 0):
 garbage-first heap   total 59392K, used 23028K [0x00000000c6400000, 0x0000000100000000)
  region size 1024K, 3 young (3072K), 1 survivors (1024K)
 Metaspace       used 21004K, capacity 21507K, committed 21760K, reserved 1069056K
  class space    used 2221K, capacity 2471K, committed 2560K, reserved 1048576K
}
Event: 10.226 GC heap after
{Heap after GC invocations=23 (full 0):
 garbage-first heap   total 59392K, used 15860K [0x00000000c6400000, 0x0000000100000000)
  region size 1024K, 1 young (1024K), 1 survivors (1024K)
 Metaspace       used 21004K, capacity 21507K, committed 21760K, reserved 1069056K
  class space    used 2221K, capacity 2471K, committed 2560K, reserved 1048576K
}
Event: 10.343 GC heap before
{Heap before GC invocations=24 (full 0):
 garbage-first heap   total 59392K, used 23028K [0x00000000c6400000, 0x0000000100000000)
  region size 1024K, 3 young (3072K), 1 survivors (1024K)
 Metaspace       used 21038K, capacity 21571K, committed 21760K, reserved 1069056K
  class space    used 2221K, capacity 2471K, committed 2560K, reserved 1048576K
}
Event: 10.344 GC heap after
{Heap after GC invocations=25 (full 0):
 garbage-first heap   total 59392K, used 15865K [0x00000000c6400000, 0x0000000100000000)
  region size 1024K, 1 young (1024K), 1 survivors (1024K)
 Metaspace       used 21038K, capacity 21571K, committed 21760K, reserved 1069056K
  class space    used 2221K, capacity 2471K, committed 2560K, reserved 1048576K
}
Event: 10.418 GC heap before
{Heap before GC invocations=26 (full 0):
 garbage-first heap   total 59392K, used 23033K [0x00000000c6400000, 0x0000000100000000)
  region size 1024K, 3 young (3072K), 1 survivors (1024K)
 Metaspace       used 21044K, capacity 21571K, committed 21760K, reserved 1069056K
  class space    used 2221K, capacity 2471K, committed 2560K, reserved 1048576K
}
Event: 10.420 GC heap after
{Heap after GC invocations=27 (full 0):
 garbage-first heap   total 59392K, used 15864K [0x00000000c6400000, 0x0000000100000000)
  region size 1024K, 1 young (1024K), 1 survivors (1024K)
 Metaspace       used 21044K, capacity 21571K, committed 21760K, reserved 1069056K
  class space    used 2221K, capacity 2471K, committed 2560K, reserved 1048576K
}
Event: 10.601 GC heap before
{Heap before GC invocations=28 (full 0):
 garbage-first heap   total 59392K, used 23032K [0x00000000c6400000, 0x0000000100000000)
  region size 1024K, 3 young (3072K), 1 survivors (1024K)
 Metaspace       used 21054K, capacity 21571K, committed 21760K, reserved 1069056K
  class space    used 2221K, capacity 2471K, committed 2560K, reserved 1048576K
}
Event: 10.605 GC heap after
{Heap after GC invocations=29 (full 0):
 garbage-first heap   total 59392K, used 15866K [0x00000000c6400000, 0x0000000100000000)
  region size 1024K, 1 young (1024K), 1 survivors (1024K)
 Metaspace       used 21054K, capacity 21571K, committed 21760K, reserved 1069056K
  class space    used 2221K, capacity 2471K, committed 2560K, reserved 1048576K
}
Event: 10.718 GC heap before
{Heap before GC invocations=30 (full 0):
 garbage-first heap   total 59392K, used 23034K [0x00000000c6400000, 0x0000000100000000)
  region size 1024K, 3 young (3072K), 1 survivors (1024K)
 Metaspace       used 21057K, capacity 21571K, committed 21760K, reserved 1069056K
  class space    used 2221K, capacity 2471K, committed 2560K, reserved 1048576K
}
Event: 10.719 GC heap after
{Heap after GC invocations=31 (full 0):
 garbage-first heap   total 59392K, used 15870K [0x00000000c6400000, 0x0000000100000000)
  region size 1024K, 1 young (1024K), 1 survivors (1024K)
 Metaspace       used 21057K, capacity 21571K, committed 21760K, reserved 1069056K
  class space    used 2221K, capacity 2471K, committed 2560K, reserved 1048576K
}
Event: 10.984 GC heap before
{Heap before GC invocations=32 (full 0):
 garbage-first heap   total 59392K, used 23038K [0x00000000c6400000, 0x0000000100000000)
  region size 1024K, 3 young (3072K), 1 survivors (1024K)
 Metaspace       used 21087K, capacity 21635K, committed 21760K, reserved 1069056K
  class space    used 2221K, capacity 2471K, committed 2560K, reserved 1048576K
}
Event: 10.988 GC heap after
{Heap after GC invocations=33 (full 0):
 garbage-first heap   total 59392K, used 15873K [0x00000000c6400000, 0x0000000100000000)
  region size 1024K, 1 young (1024K), 1 survivors (1024K)
 Metaspace       used 21087K, capacity 21635K, committed 21760K, reserved 1069056K
  class space    used 2221K, capacity 2471K, committed 2560K, reserved 1048576K
}
Event: 11.072 GC heap before
{Heap before GC invocations=34 (full 0):
 garbage-first heap   total 59392K, used 23041K [0x00000000c6400000, 0x0000000100000000)
  region size 1024K, 3 young (3072K), 1 survivors (1024K)
 Metaspace       used 21092K, capacity 21635K, committed 21760K, reserved 1069056K
  class space    used 2221K, capacity 2471K, committed 2560K, reserved 1048576K
}
Event: 11.073 GC heap after
{Heap after GC invocations=35 (full 0):
 garbage-first heap   total 59392K, used 15874K [0x00000000c6400000, 0x0000000100000000)
  region size 1024K, 1 young (1024K), 1 survivors (1024K)
 Metaspace       used 21092K, capacity 21635K, committed 21760K, reserved 1069056K
  class space    used 2221K, capacity 2471K, committed 2560K, reserved 1048576K
}
Event: 11.264 GC heap before
{Heap before GC invocations=36 (full 0):
 garbage-first heap   total 59392K, used 24066K [0x00000000c6400000, 0x0000000100000000)
  region size 1024K, 3 young (3072K), 1 survivors (1024K)
 Metaspace       used 21092K, capacity 21635K, committed 21760K, reserved 1069056K
  class space    used 2221K, capacity 2471K, committed 2560K, reserved 1048576K
}
Event: 11.267 GC heap after
{Heap after GC invocations=37 (full 0):
 garbage-first heap   total 59392K, used 16904K [0x00000000c6400000, 0x0000000100000000)
  region size 1024K, 1 young (1024K), 1 survivors (1024K)
 Metaspace       used 21092K, capacity 21635K, committed 21760K, reserved 1069056K
  class space    used 2221K, capacity 2471K, committed 2560K, reserved 1048576K
}
Event: 11.415 GC heap before
{Heap before GC invocations=38 (full 0):
 garbage-first heap   total 59392K, used 25096K [0x00000000c6400000, 0x0000000100000000)
  region size 1024K, 3 young (3072K), 1 survivors (1024K)
 Metaspace       used 21095K, capacity 21635K, committed 21760K, reserved 1069056K
  class space    used 2221K, capacity 2471K, committed 2560K, reserved 1048576K
}
Event: 11.419 GC heap after
{Heap after GC invocations=39 (full 0):
 garbage-first heap   total 71680K, used 17924K [0x00000000c6400000, 0x0000000100000000)
  region size 1024K, 1 young (1024K), 1 survivors (1024K)
 Metaspace       used 21095K, capacity 21635K, committed 21760K, reserved 1069056K
  class space    used 2221K, capacity 2471K, committed 2560K, reserved 1048576K
}
Event: 49.326 GC heap before
{Heap before GC invocations=40 (full 0):
 garbage-first heap   total 71680K, used 65028K [0x00000000c6400000, 0x0000000100000000)
  region size 1024K, 40 young (40960K), 1 survivors (1024K)
 Metaspace       used 21304K, capacity 21827K, committed 22016K, reserved 1069056K
  class space    used 2222K, capacity 2471K, committed 2560K, reserved 1048576K
}
Event: 49.332 GC heap after
{Heap after GC invocations=41 (full 0):
 garbage-first heap   total 71680K, used 18099K [0x00000000c6400000, 0x0000000100000000)
  region size 1024K, 1 young (1024K), 1 survivors (1024K)
 Metaspace       used 21304K, capacity 21827K, committed 22016K, reserved 1069056K
  class space    used 2222K, capacity 2471K, committed 2560K, reserved 1048576K
}

